{"/Users/nikifr/Documents/HTML-JS/AQA/homework/aqa-homework/create-request-JSONPlaceHolder/APIEnv.js": {"path":"/Users/nikifr/Documents/HTML-JS/AQA/homework/aqa-homework/create-request-JSONPlaceHolder/APIEnv.js","all":false,"statementMap":{"0":{"start":{"line":1,"column":0},"end":{"line":1,"column":31}},"1":{"start":{"line":2,"column":0},"end":{"line":2,"column":0}},"2":{"start":{"line":3,"column":0},"end":{"line":3,"column":37}},"3":{"start":{"line":4,"column":0},"end":{"line":4,"column":50}},"4":{"start":{"line":5,"column":0},"end":{"line":5,"column":3}},"5":{"start":{"line":6,"column":0},"end":{"line":6,"column":0}},"6":{"start":{"line":7,"column":0},"end":{"line":7,"column":28}},"7":{"start":{"line":8,"column":0},"end":{"line":8,"column":59}},"8":{"start":{"line":9,"column":0},"end":{"line":9,"column":26}},"9":{"start":{"line":10,"column":0},"end":{"line":10,"column":15}},"10":{"start":{"line":11,"column":0},"end":{"line":11,"column":2}},"11":{"start":{"line":12,"column":0},"end":{"line":12,"column":0}},"12":{"start":{"line":13,"column":0},"end":{"line":13,"column":73}},"13":{"start":{"line":14,"column":0},"end":{"line":14,"column":29}},"14":{"start":{"line":15,"column":0},"end":{"line":15,"column":18}},"15":{"start":{"line":16,"column":0},"end":{"line":16,"column":31}},"16":{"start":{"line":17,"column":0},"end":{"line":17,"column":31}},"17":{"start":{"line":18,"column":0},"end":{"line":18,"column":3}},"18":{"start":{"line":19,"column":0},"end":{"line":19,"column":0}},"19":{"start":{"line":20,"column":0},"end":{"line":20,"column":18}},"20":{"start":{"line":21,"column":0},"end":{"line":21,"column":16}},"21":{"start":{"line":22,"column":0},"end":{"line":22,"column":2}}},"s":{"0":1,"1":1,"2":1,"3":1,"4":1,"5":1,"6":1,"7":1,"8":5,"9":5,"10":5,"11":1,"12":1,"13":5,"14":5,"15":1,"16":0,"17":1,"18":1,"19":1,"20":1,"21":1},"branchMap":{"0":{"type":"branch","line":8,"loc":{"start":{"line":8,"column":40},"end":{"line":11,"column":2}},"locations":[{"start":{"line":8,"column":40},"end":{"line":11,"column":2}}]},"1":{"type":"branch","line":13,"loc":{"start":{"line":13,"column":41},"end":{"line":16,"column":3}},"locations":[{"start":{"line":13,"column":41},"end":{"line":16,"column":3}}]}},"b":{"0":[5],"1":[5]},"fnMap":{"0":{"name":"onFulfilled","decl":{"start":{"line":13,"column":41},"end":{"line":16,"column":3}},"loc":{"start":{"line":13,"column":41},"end":{"line":16,"column":3}},"line":13},"1":{"name":"onRejected","decl":{"start":{"line":16,"column":3},"end":{"line":18,"column":2}},"loc":{"start":{"line":16,"column":3},"end":{"line":18,"column":2}},"line":16}},"f":{"0":5,"1":0}}
}
